SF:C:\Users\hikme\Desktop\Git\ce103-final-hikmethan-kolay-yagizemre-ozbilge-csharp\CarMaintenanceLibrary\CarMaintenance.cs
DA:31,1
DA:40,1
DA:60,1
DA:103,1
DA:161,1
DA:233,1
DA:319,1
DA:348,1
DA:408,1
DA:481,1
DA:506,1
DA:529,1
DA:547,1
DA:571,1
DA:590,1
DA:608,1
DA:634,1
DA:656,1
DA:674,1
DA:700,1
DA:725,1
DA:25,1
DA:18,1
DA:12,0
DA:1,1
end_of_record
SF:C:\Users\hikme\Desktop\Git\ce103-final-hikmethan-kolay-yagizemre-ozbilge-csharp\CarMaintenanceApp\Program.cs
DA:34,1
DA:28,1
DA:16,0
DA:21,0
DA:1,1
end_of_record
SF:C:\Users\hikme\Desktop\Git\ce103-final-hikmethan-kolay-yagizemre-ozbilge-csharp\README.md
DA:1,1
end_of_record
